<?xml version="1.0" encoding="UTF-8"?>
<!-- Generated by org.testng.reporters.JUnitReportReporter -->
<testsuite hostname="DESKTOP-UAU9ODK" failures="0" tests="6" name="Day1.BrowserLanching8" time="110.068" errors="0" timestamp="4 Jun 2021 11:15:10 GMT">
  <testcase classname="Day1.BrowserLanching8" name="f3" time="13.103"/>
  <testcase classname="Day1.BrowserLanching8" name="f1" time="17.214"/>
  <testcase classname="Day1.BrowserLanching8" name="f2" time="13.578"/>
  <testcase classname="Day1.BrowserLanching8" name="f4" time="21.525"/>
  <testcase classname="Day1.BrowserLanching8" name="f6" time="22.358"/>
  <testcase classname="Day1.BrowserLanching8" name="f5" time="22.290"/>
</testsuite> <!-- Day1.BrowserLanching8 -->
