<?xml version="1.0" encoding="UTF-8"?>
<!-- Generated by org.testng.reporters.JUnitReportReporter -->
<testsuite hostname="DESKTOP-UAU9ODK" failures="0" tests="6" name="Day1.BrowserLanching10" time="112.075" errors="0" timestamp="4 Jun 2021 11:15:10 GMT">
  <testcase classname="Day1.BrowserLanching10" name="f5" time="17.956"/>
  <testcase classname="Day1.BrowserLanching10" name="f1" time="19.172"/>
  <testcase classname="Day1.BrowserLanching10" name="f3" time="18.492"/>
  <testcase classname="Day1.BrowserLanching10" name="f6" time="17.802"/>
  <testcase classname="Day1.BrowserLanching10" name="f2" time="19.583"/>
  <testcase classname="Day1.BrowserLanching10" name="f4" time="19.070"/>
</testsuite> <!-- Day1.BrowserLanching10 -->
