<?xml version="1.0" encoding="UTF-8"?>
<!-- Generated by org.testng.reporters.JUnitReportReporter -->
<testsuite hostname="DESKTOP-UAU9ODK" failures="0" tests="6" name="Day1.BrowserLanching3" time="135.170" errors="0" timestamp="4 Jun 2021 11:15:10 GMT">
  <testcase classname="Day1.BrowserLanching3" name="f5" time="23.120"/>
  <testcase classname="Day1.BrowserLanching3" name="f4" time="21.685"/>
  <testcase classname="Day1.BrowserLanching3" name="f1" time="22.009"/>
  <testcase classname="Day1.BrowserLanching3" name="f2" time="21.770"/>
  <testcase classname="Day1.BrowserLanching3" name="f6" time="24.377"/>
  <testcase classname="Day1.BrowserLanching3" name="f3" time="22.209"/>
</testsuite> <!-- Day1.BrowserLanching3 -->
