<?xml version="1.0" encoding="UTF-8"?>
<!-- Generated by org.testng.reporters.JUnitReportReporter -->
<testsuite hostname="DESKTOP-UAU9ODK" failures="0" tests="6" name="Day1.BrowserLanching6" time="126.763" errors="0" timestamp="4 Jun 2021 11:15:10 GMT">
  <testcase classname="Day1.BrowserLanching6" name="f1" time="20.765"/>
  <testcase classname="Day1.BrowserLanching6" name="f4" time="21.079"/>
  <testcase classname="Day1.BrowserLanching6" name="f6" time="21.214"/>
  <testcase classname="Day1.BrowserLanching6" name="f3" time="21.426"/>
  <testcase classname="Day1.BrowserLanching6" name="f5" time="21.410"/>
  <testcase classname="Day1.BrowserLanching6" name="f2" time="20.869"/>
</testsuite> <!-- Day1.BrowserLanching6 -->
