<?xml version="1.0" encoding="UTF-8"?>
<!-- Generated by org.testng.reporters.JUnitReportReporter -->
<testsuite hostname="DESKTOP-UAU9ODK" failures="0" tests="6" name="Day1.BrowserLanching4" time="148.074" errors="0" timestamp="4 Jun 2021 11:15:10 GMT">
  <testcase classname="Day1.BrowserLanching4" name="f1" time="24.003"/>
  <testcase classname="Day1.BrowserLanching4" name="f4" time="25.401"/>
  <testcase classname="Day1.BrowserLanching4" name="f3" time="24.148"/>
  <testcase classname="Day1.BrowserLanching4" name="f6" time="24.949"/>
  <testcase classname="Day1.BrowserLanching4" name="f2" time="25.465"/>
  <testcase classname="Day1.BrowserLanching4" name="f5" time="24.108"/>
</testsuite> <!-- Day1.BrowserLanching4 -->
