<?xml version="1.0" encoding="UTF-8"?>
<!-- Generated by org.testng.reporters.JUnitReportReporter -->
<testsuite hostname="DESKTOP-UAU9ODK" failures="0" tests="6" name="Day1.BrowserLanching5" time="124.503" errors="0" timestamp="4 Jun 2021 11:15:10 GMT">
  <testcase classname="Day1.BrowserLanching5" name="f4" time="21.131"/>
  <testcase classname="Day1.BrowserLanching5" name="f1" time="20.656"/>
  <testcase classname="Day1.BrowserLanching5" name="f6" time="20.815"/>
  <testcase classname="Day1.BrowserLanching5" name="f2" time="20.582"/>
  <testcase classname="Day1.BrowserLanching5" name="f5" time="20.878"/>
  <testcase classname="Day1.BrowserLanching5" name="f3" time="20.441"/>
</testsuite> <!-- Day1.BrowserLanching5 -->
