<?xml version="1.0" encoding="UTF-8"?>
<!-- Generated by org.testng.reporters.JUnitReportReporter -->
<testsuite hostname="DESKTOP-UAU9ODK" failures="0" tests="6" name="Day1.BrowserLanching2" time="132.156" errors="0" timestamp="4 Jun 2021 11:15:10 GMT">
  <testcase classname="Day1.BrowserLanching2" name="f4" time="21.795"/>
  <testcase classname="Day1.BrowserLanching2" name="f3" time="21.997"/>
  <testcase classname="Day1.BrowserLanching2" name="f5" time="20.650"/>
  <testcase classname="Day1.BrowserLanching2" name="f6" time="20.310"/>
  <testcase classname="Day1.BrowserLanching2" name="f2" time="24.185"/>
  <testcase classname="Day1.BrowserLanching2" name="f1" time="23.219"/>
</testsuite> <!-- Day1.BrowserLanching2 -->
