<?xml version="1.0" encoding="UTF-8"?>
<!-- Generated by org.testng.reporters.JUnitReportReporter -->
<testsuite hostname="DESKTOP-UAU9ODK" failures="0" tests="6" name="Day1.BrowserLanching9" time="103.828" errors="0" timestamp="4 Jun 2021 11:15:10 GMT">
  <testcase classname="Day1.BrowserLanching9" name="f4" time="17.023"/>
  <testcase classname="Day1.BrowserLanching9" name="f2" time="16.930"/>
  <testcase classname="Day1.BrowserLanching9" name="f6" time="17.405"/>
  <testcase classname="Day1.BrowserLanching9" name="f1" time="17.182"/>
  <testcase classname="Day1.BrowserLanching9" name="f3" time="17.404"/>
  <testcase classname="Day1.BrowserLanching9" name="f5" time="17.884"/>
</testsuite> <!-- Day1.BrowserLanching9 -->
