<?xml version="1.0" encoding="UTF-8"?>
<!-- Generated by org.testng.reporters.JUnitReportReporter -->
<testsuite hostname="DESKTOP-UAU9ODK" failures="0" tests="6" name="Day1.BrowserLanching7" time="106.609" errors="0" timestamp="4 Jun 2021 11:15:10 GMT">
  <testcase classname="Day1.BrowserLanching7" name="f2" time="7.725"/>
  <testcase classname="Day1.BrowserLanching7" name="f6" time="7.666"/>
  <testcase classname="Day1.BrowserLanching7" name="f5" time="22.223"/>
  <testcase classname="Day1.BrowserLanching7" name="f4" time="25.982"/>
  <testcase classname="Day1.BrowserLanching7" name="f3" time="17.181"/>
  <testcase classname="Day1.BrowserLanching7" name="f1" time="25.832"/>
</testsuite> <!-- Day1.BrowserLanching7 -->
