<?xml version="1.0" encoding="UTF-8"?>
<!-- Generated by org.testng.reporters.JUnitReportReporter -->
<testsuite hostname="DESKTOP-UAU9ODK" failures="0" tests="1" name="TestNGPrac.ClassThree" time="0.002" errors="0" timestamp="2021-11-03T12:57:34 IST" skipped="0">
  <testcase classname="TestNGPrac.ClassThree" name="classThreemethodOne" time="0.002"/>
  <system-out/>
</testsuite> <!-- TestNGPrac.ClassThree -->
