<?xml version="1.0" encoding="UTF-8"?>
<!-- Generated by org.testng.reporters.JUnitReportReporter -->
<testsuite hostname="DESKTOP-UAU9ODK" failures="0" tests="1" name="TestNGPractice.DepParentClass" time="0.011" errors="0" timestamp="2021-11-01T21:49:37 IST" skipped="0">
  <testcase classname="TestNGPractice.DepParentClass" name="methodsix" time="0.011"/>
  <system-out/>
</testsuite> <!-- TestNGPractice.DepParentClass -->
