<?xml version="1.0" encoding="UTF-8"?>
<!-- Generated by org.testng.reporters.JUnitReportReporter -->
<testsuite skipped="0" hostname="DESKTOP-UAU9ODK" name="TestNGPrac.ClassTwo" tests="1" failures="0" timestamp="2021-11-14T19:34:34 IST" time="0.010" errors="0">
  <testcase name="classTwomethodOne" time="0.010" classname="TestNGPrac.ClassTwo"/>
  <system-out/>
</testsuite> <!-- TestNGPrac.ClassTwo -->
