<?xml version="1.0" encoding="UTF-8"?>
<!-- Generated by org.testng.reporters.JUnitReportReporter -->
<testsuite hostname="DESKTOP-UAU9ODK" failures="0" tests="5" name="TestNGPractice.ClassThree" time="0.019" errors="0" timestamp="2021-11-01T13:04:59 IST" skipped="0">
  <testcase classname="TestNGPractice.ClassThree" name="MethodThree" time="0.001"/>
  <system-out/>
  <testcase classname="TestNGPractice.ClassThree" name="MethodTwo" time="0.002"/>
  <system-out/>
  <testcase classname="TestNGPractice.ClassThree" name="MethodFive" time="0.012"/>
  <system-out/>
  <testcase classname="TestNGPractice.ClassThree" name="MethodOne" time="0.003"/>
  <system-out/>
  <testcase classname="TestNGPractice.ClassThree" name="MethodFour" time="0.001"/>
  <system-out/>
</testsuite> <!-- TestNGPractice.ClassThree -->
