<?xml version="1.0" encoding="UTF-8"?>
<!-- Generated by org.testng.reporters.JUnitReportReporter -->
<testsuite hostname="DESKTOP-UAU9ODK" failures="0" tests="1" name="TestNGPrac.ClassOne2" time="7.697" errors="0" timestamp="2021-11-09T16:36:54 IST" skipped="0">
  <testcase classname="TestNGPrac.ClassOne2" name="classOnemethodThree" time="7.697"/>
  <system-out/>
</testsuite> <!-- TestNGPrac.ClassOne2 -->
