<?xml version="1.0" encoding="UTF-8"?>
<!-- Generated by org.testng.reporters.JUnitReportReporter -->
<testsuite hostname="DESKTOP-UAU9ODK" failures="0" tests="4" name="TestNGPractice.SameClass" time="0.018" errors="0" timestamp="2021-11-01T20:00:30 IST" skipped="0">
  <testcase classname="TestNGPractice.SameClass" name="MethodOne" time="0.004"/>
  <system-out/>
  <testcase classname="TestNGPractice.SameClass" name="MethodOne" time="0.003"/>
  <system-out/>
  <testcase classname="TestNGPractice.SameClass" name="MethodOne" time="0.002"/>
  <system-out/>
  <testcase classname="TestNGPractice.SameClass" name="MethodOne" time="0.009"/>
  <system-out/>
</testsuite> <!-- TestNGPractice.SameClass -->
