<?xml version="1.0" encoding="UTF-8"?>
<!-- Generated by org.testng.reporters.JUnitReportReporter -->
<testsuite hostname="DESKTOP-UAU9ODK" failures="0" tests="1" name="TestNGPractice.ClassOne" time="0.018" errors="0" timestamp="2021-11-01T19:32:34 IST" skipped="0">
  <testcase classname="TestNGPractice.ClassOne" name="MethodOne" time="0.018"/>
  <system-out/>
</testsuite> <!-- TestNGPractice.ClassOne -->
