<?xml version="1.0" encoding="UTF-8"?>
<!-- Generated by org.testng.reporters.JUnitReportReporter -->
<testsuite hostname="DESKTOP-UAU9ODK" failures="0" tests="6" name="TestNGPractice.DependentClass" time="0.013" errors="0" timestamp="2021-11-01T21:49:37 IST" skipped="0">
  <testcase classname="TestNGPractice.DependentClass" name="methodFive" time="0.001"/>
  <system-out/>
  <testcase classname="TestNGPractice.DependentClass" name="methodThree" time="0.002"/>
  <system-out/>
  <testcase classname="TestNGPractice.DependentClass" name="methodsix" time="0.003"/>
  <system-out/>
  <testcase classname="TestNGPractice.DependentClass" name="methodFour" time="0.002"/>
  <system-out/>
  <testcase classname="TestNGPractice.DependentClass" name="methodOne" time="0.003"/>
  <system-out/>
  <testcase classname="TestNGPractice.DependentClass" name="methodTwo" time="0.002"/>
  <system-out/>
</testsuite> <!-- TestNGPractice.DependentClass -->
