<?xml version="1.0" encoding="UTF-8"?>
<!-- Generated by org.testng.reporters.JUnitReportReporter -->
<testsuite skipped="0" hostname="DESKTOP-UAU9ODK" name="PackageOne.BrowserStack" tests="1" failures="0" timestamp="2022-03-09T19:08:23 IST" time="34.194" errors="0">
  <testcase name="openSTM" time="34.194" classname="PackageOne.BrowserStack"/>
  <system-out/>
</testsuite> <!-- PackageOne.BrowserStack -->
