<?xml version="1.0" encoding="UTF-8"?>
<!-- Generated by org.testng.reporters.JUnitReportReporter -->
<testsuite hostname="DESKTOP-UAU9ODK" failures="0" tests="2" name="TestNGPractice.DifferentClass" time="0.009" errors="0" timestamp="2021-11-01T20:14:15 IST" skipped="0">
  <testcase classname="TestNGPractice.DifferentClass" name="MethodOne" time="0.002"/>
  <system-out/>
  <testcase classname="TestNGPractice.DifferentClass" name="MethodOne" time="0.007"/>
  <system-out/>
</testsuite> <!-- TestNGPractice.DifferentClass -->
