<?xml version="1.0" encoding="UTF-8"?>
<!-- Generated by org.testng.reporters.JUnitReportReporter -->
<testsuite hostname="DESKTOP-UAU9ODK" failures="0" tests="1" name="PackageOne.GoogleDemo" time="31.296" errors="0" timestamp="2021-10-31T23:33:11 IST" skipped="0">
  <testcase classname="PackageOne.GoogleDemo" name="testngtest" time="31.296"/>
  <system-out/>
</testsuite> <!-- PackageOne.GoogleDemo -->
