<?xml version="1.0" encoding="UTF-8"?>
<!-- Generated by org.testng.reporters.JUnitReportReporter -->
<testsuite hostname="DESKTOP-UAU9ODK" failures="0" tests="2" name="TestNGPrac.ClassFour" time="0.035" errors="0" timestamp="2021-11-11T10:43:47 IST" skipped="0">
  <testcase classname="TestNGPrac.ClassFour" name="classFourmethodOne" time="0.031"/>
  <system-out/>
  <testcase classname="TestNGPrac.ClassFour" name="classFourmethodTwo" time="0.004"/>
  <system-out/>
</testsuite> <!-- TestNGPrac.ClassFour -->
