<?xml version="1.0" encoding="UTF-8"?>
<!-- Generated by org.testng.reporters.JUnitReportReporter -->
<testsuite skipped="0" hostname="SPITTALA-DEV-L" name="tpack.ClassOne" tests="1" failures="0" timestamp="2022-04-12T20:09:47 IST" time="5.287" errors="0">
  <testcase name="add" time="5.287" classname="tpack.ClassOne"/>
  <system-out/>
</testsuite> <!-- tpack.ClassOne -->
