<?xml version="1.0" encoding="UTF-8"?>
<!-- Generated by org.testng.reporters.JUnitReportReporter -->
<testsuite skipped="0" hostname="SPITTALA-DEV-L" name="tpack.ClassOne" tests="2" failures="0" timestamp="2022-04-12T20:11:04 IST" time="7.613" errors="0">
  <testcase name="add" time="4.821" classname="tpack.ClassOne"/>
  <system-out/>
  <testcase name="add" time="2.792" classname="tpack.ClassOne"/>
  <system-out/>
</testsuite> <!-- tpack.ClassOne -->
