<?xml version="1.0" encoding="UTF-8"?>
<!-- Generated by org.testng.reporters.JUnitReportReporter -->
<testsuite skipped="0" hostname="DESKTOP-UAU9ODK" name="tpack.ClassOne" tests="2" failures="0" timestamp="2021-11-09T17:44:04 IST" time="0.007" errors="0">
  <testcase name="add" time="0.000" classname="tpack.ClassOne"/>
  <system-out/>
  <testcase name="add" time="0.007" classname="tpack.ClassOne"/>
  <system-out/>
</testsuite> <!-- tpack.ClassOne -->
